<?xml version="1.0" encoding="UTF-8"?>
<!-- Generated by org.testng.reporters.JUnitReportReporter -->
<testsuite hostname="Yvonnes-MBP" name="com.qa.test.GetAPITest" tests="2" failures="0" timestamp="13 Nov 2018 19:29:36 GMT" time="3.998" errors="0">
  <testcase name="getAPITestWithHeaders" time="0.784" classname="com.qa.test.GetAPITest"/>
  <testcase name="getAPITest" time="3.214" classname="com.qa.test.GetAPITest"/>
</testsuite> <!-- com.qa.test.GetAPITest -->
