<?xml version="1.0" encoding="UTF-8"?>
<!-- Generated by org.testng.reporters.JUnitReportReporter -->
<testsuite hostname="Yvonnes-MBP" name="com.qa.test.PostAPITest" tests="1" failures="0" timestamp="15 Nov 2018 20:32:49 GMT" time="1.976" errors="0">
  <testcase name="postAPITest" time="1.976" classname="com.qa.test.PostAPITest"/>
</testsuite> <!-- com.qa.test.PostAPITest -->
